Start testing: Mar 25 08:45 Central America Standard Time
----------------------------------------------------------
1/3 Testing: Successful Expressions are computed
1/3 Test: Successful Expressions are computed
Command: "C:/Users/Azalia/Documents/Universidad/Universidad Q11/Lenguajes de Programacion/Proyectos/Evaluador_Expresiones/build/tests.exe" "Successful Expressions are computed"
Directory: C:/Users/Azalia/Documents/Universidad/Universidad Q11/Lenguajes de Programacion/Proyectos/Evaluador_Expresiones/build
"Successful Expressions are computed" start time: Mar 25 08:45 Central America Standard Time
Output:
----------------------------------------------------------
Filters: "Successful Expressions are computed"
Randomness seeded to: 663383346

~~~~~~~~~~~~~~~~~~~~~~~~~~~~~~~~~~~~~~~~~~~~~~~~~~~~~~~~~~~~~~~~~~~~~~~~~~~~~~~
tests.exe is a Catch2 v3.4.0 host application.
Run with -? for options

-------------------------------------------------------------------------------
Successful Expressions are computed
-------------------------------------------------------------------------------
C:\Users\Azalia\Documents\Universidad\Universidad Q11\Lenguajes de Programacion\Proyectos\Evaluador_Expresiones\tests\test.cpp:6
...............................................................................

C:\Users\Azalia\Documents\Universidad\Universidad Q11\Lenguajes de Programacion\Proyectos\Evaluador_Expresiones\tests\test.cpp:7: FAILED:
  REQUIRE( realizarOperacion(3, 2, '+') == 7 )
with expansion:
  5 == 7

===============================================================================
test cases: 1 | 1 failed
assertions: 1 | 1 failed

<end of output>
Test time =   0.02 sec
----------------------------------------------------------
Test Failed.
"Successful Expressions are computed" end time: Mar 25 08:45 Central America Standard Time
"Successful Expressions are computed" time elapsed: 00:00:00
----------------------------------------------------------

2/3 Testing: Valid infix to postfix conversion
2/3 Test: Valid infix to postfix conversion
Command: "C:/Users/Azalia/Documents/Universidad/Universidad Q11/Lenguajes de Programacion/Proyectos/Evaluador_Expresiones/build/tests.exe" "Valid infix to postfix conversion"
Directory: C:/Users/Azalia/Documents/Universidad/Universidad Q11/Lenguajes de Programacion/Proyectos/Evaluador_Expresiones/build
"Valid infix to postfix conversion" start time: Mar 25 08:45 Central America Standard Time
Output:
----------------------------------------------------------
Filters: "Valid infix to postfix conversion"
Randomness seeded to: 121329854
===============================================================================
All tests passed (2 assertions in 1 test case)

<end of output>
Test time =   0.02 sec
----------------------------------------------------------
Test Passed.
"Valid infix to postfix conversion" end time: Mar 25 08:45 Central America Standard Time
"Valid infix to postfix conversion" time elapsed: 00:00:00
----------------------------------------------------------

3/3 Testing: Invalid infix expressions
3/3 Test: Invalid infix expressions
Command: "C:/Users/Azalia/Documents/Universidad/Universidad Q11/Lenguajes de Programacion/Proyectos/Evaluador_Expresiones/build/tests.exe" "Invalid infix expressions"
Directory: C:/Users/Azalia/Documents/Universidad/Universidad Q11/Lenguajes de Programacion/Proyectos/Evaluador_Expresiones/build
"Invalid infix expressions" start time: Mar 25 08:45 Central America Standard Time
Output:
----------------------------------------------------------
Filters: "Invalid infix expressions"
Randomness seeded to: 958095537
===============================================================================
All tests passed (10 assertions in 1 test case)

<end of output>
Test time =   0.02 sec
----------------------------------------------------------
Test Passed.
"Invalid infix expressions" end time: Mar 25 08:45 Central America Standard Time
"Invalid infix expressions" time elapsed: 00:00:00
----------------------------------------------------------

End testing: Mar 25 08:45 Central America Standard Time
